<?xml version="1.0" encoding="UTF-8"?>

<testsuite name="flexUnitTests.testsuites.Tests.utils.TestCaseProtocol" tests="3" failures="0" errors="0" skipped="0" time="0.001" hostname="Kens-MacBook-Pro.local" timestamp="2015-08-20T13:42:45">
  <testcase classname="flexUnitTests.testsuites.Tests.utils::TestCaseProtocol" name="testContructorIsHttp" time="0.0"/>
  <testcase classname="flexUnitTests.testsuites.Tests.utils::TestCaseProtocol" name="testContructorIsFile" time="0.0"/>
  <testcase classname="flexUnitTests.testsuites.Tests.utils::TestCaseProtocol" name="testContructorIsHttps" time="0.001"/>
</testsuite>
