<?xml version="1.0" encoding="UTF-8"?>

<testsuite name="flexUnitTests.testsuites.Tests.utils.TestCaseBooleanUtils" tests="119" failures="0" errors="0" skipped="0" time="0.374" hostname="Kens-MacBook-Pro.local" timestamp="2015-08-20T13:42:45">
  <testcase classname="flexUnitTests.testsuites.Tests.utils::TestCaseBooleanUtils" name="test_should_be_false (false,false) (YES,true)" time="0.002"/>
  <testcase classname="flexUnitTests.testsuites.Tests.utils::TestCaseBooleanUtils" name="test_should_be_false (false,false) (YES,true)" time="0.0"/>
  <testcase classname="flexUnitTests.testsuites.Tests.utils::TestCaseBooleanUtils" name="test_should_be_false (FALSE,false) (YES,true)" time="0.0"/>
  <testcase classname="flexUnitTests.testsuites.Tests.utils::TestCaseBooleanUtils" name="test_should_be_false (no,false) (YES,true)" time="0.0"/>
  <testcase classname="flexUnitTests.testsuites.Tests.utils::TestCaseBooleanUtils" name="test_should_be_false (NO,false) (YES,true)" time="0.001"/>
  <testcase classname="flexUnitTests.testsuites.Tests.utils::TestCaseBooleanUtils" name="test_should_be_false (off,false) (YES,true)" time="0.0"/>
  <testcase classname="flexUnitTests.testsuites.Tests.utils::TestCaseBooleanUtils" name="test_should_be_false (OFF,false) (YES,true)" time="0.001"/>
  <testcase classname="flexUnitTests.testsuites.Tests.utils::TestCaseBooleanUtils" name="test_should_be_false (,false) (YES,true)" time="0.0"/>
  <testcase classname="flexUnitTests.testsuites.Tests.utils::TestCaseBooleanUtils" name="test_should_be_false (0,false) (YES,true)" time="0.0"/>
  <testcase classname="flexUnitTests.testsuites.Tests.utils::TestCaseBooleanUtils" name="test_should_be_false (-1,false) (YES,true)" time="0.0"/>
  <testcase classname="flexUnitTests.testsuites.Tests.utils::TestCaseBooleanUtils" name="test_should_be_false (22,false) (YES,true)" time="0.023"/>
  <testcase classname="flexUnitTests.testsuites.Tests.utils::TestCaseBooleanUtils" name="test_should_be_true (true,true) (YES,true)" time="0.0"/>
  <testcase classname="flexUnitTests.testsuites.Tests.utils::TestCaseBooleanUtils" name="test_should_be_true (true,true) (YES,true)" time="0.0"/>
  <testcase classname="flexUnitTests.testsuites.Tests.utils::TestCaseBooleanUtils" name="test_should_be_true (TRUE,true) (YES,true)" time="0.0"/>
  <testcase classname="flexUnitTests.testsuites.Tests.utils::TestCaseBooleanUtils" name="test_should_be_true (yes,true) (YES,true)" time="0.0"/>
  <testcase classname="flexUnitTests.testsuites.Tests.utils::TestCaseBooleanUtils" name="test_should_be_true (YES,true) (YES,true)" time="0.0"/>
  <testcase classname="flexUnitTests.testsuites.Tests.utils::TestCaseBooleanUtils" name="test_should_be_true (on,true) (YES,true)" time="0.0"/>
  <testcase classname="flexUnitTests.testsuites.Tests.utils::TestCaseBooleanUtils" name="test_should_be_true (ON,true) (YES,true)" time="0.0"/>
  <testcase classname="flexUnitTests.testsuites.Tests.utils::TestCaseBooleanUtils" name="test_should_be_true (1,true) (YES,true)" time="0.001"/>
  <testcase classname="flexUnitTests.testsuites.Tests.utils::TestCaseBooleanUtils" name="test_should_be_false (false,false) (true,true)" time="0.0"/>
  <testcase classname="flexUnitTests.testsuites.Tests.utils::TestCaseBooleanUtils" name="test_should_be_false (false,false) (true,true)" time="0.0"/>
  <testcase classname="flexUnitTests.testsuites.Tests.utils::TestCaseBooleanUtils" name="test_should_be_false (FALSE,false) (true,true)" time="0.001"/>
  <testcase classname="flexUnitTests.testsuites.Tests.utils::TestCaseBooleanUtils" name="test_should_be_false (no,false) (true,true)" time="0.001"/>
  <testcase classname="flexUnitTests.testsuites.Tests.utils::TestCaseBooleanUtils" name="test_should_be_false (NO,false) (true,true)" time="0.0"/>
  <testcase classname="flexUnitTests.testsuites.Tests.utils::TestCaseBooleanUtils" name="test_should_be_false (off,false) (true,true)" time="0.025"/>
  <testcase classname="flexUnitTests.testsuites.Tests.utils::TestCaseBooleanUtils" name="test_should_be_false (OFF,false) (true,true)" time="0.0"/>
  <testcase classname="flexUnitTests.testsuites.Tests.utils::TestCaseBooleanUtils" name="test_should_be_false (,false) (true,true)" time="0.001"/>
  <testcase classname="flexUnitTests.testsuites.Tests.utils::TestCaseBooleanUtils" name="test_should_be_false (0,false) (true,true)" time="0.0"/>
  <testcase classname="flexUnitTests.testsuites.Tests.utils::TestCaseBooleanUtils" name="test_should_be_false (-1,false) (true,true)" time="0.0"/>
  <testcase classname="flexUnitTests.testsuites.Tests.utils::TestCaseBooleanUtils" name="test_should_be_false (22,false) (true,true)" time="0.0"/>
  <testcase classname="flexUnitTests.testsuites.Tests.utils::TestCaseBooleanUtils" name="test_should_be_true (true,true) (true,true)" time="0.0"/>
  <testcase classname="flexUnitTests.testsuites.Tests.utils::TestCaseBooleanUtils" name="test_should_be_true (true,true) (true,true)" time="0.0"/>
  <testcase classname="flexUnitTests.testsuites.Tests.utils::TestCaseBooleanUtils" name="test_should_be_true (TRUE,true) (true,true)" time="0.0"/>
  <testcase classname="flexUnitTests.testsuites.Tests.utils::TestCaseBooleanUtils" name="test_should_be_true (yes,true) (true,true)" time="0.0"/>
  <testcase classname="flexUnitTests.testsuites.Tests.utils::TestCaseBooleanUtils" name="test_should_be_true (YES,true) (true,true)" time="0.0"/>
  <testcase classname="flexUnitTests.testsuites.Tests.utils::TestCaseBooleanUtils" name="test_should_be_true (on,true) (true,true)" time="0.0"/>
  <testcase classname="flexUnitTests.testsuites.Tests.utils::TestCaseBooleanUtils" name="test_should_be_true (ON,true) (true,true)" time="0.0"/>
  <testcase classname="flexUnitTests.testsuites.Tests.utils::TestCaseBooleanUtils" name="test_should_be_true (1,true) (true,true)" time="0.001"/>
  <testcase classname="flexUnitTests.testsuites.Tests.utils::TestCaseBooleanUtils" name="test_should_be_false (false,false) (TRUE,true)" time="0.001"/>
  <testcase classname="flexUnitTests.testsuites.Tests.utils::TestCaseBooleanUtils" name="test_should_be_false (false,false) (TRUE,true)" time="0.0"/>
  <testcase classname="flexUnitTests.testsuites.Tests.utils::TestCaseBooleanUtils" name="test_should_be_false (FALSE,false) (TRUE,true)" time="0.027"/>
  <testcase classname="flexUnitTests.testsuites.Tests.utils::TestCaseBooleanUtils" name="test_should_be_false (no,false) (TRUE,true)" time="0.001"/>
  <testcase classname="flexUnitTests.testsuites.Tests.utils::TestCaseBooleanUtils" name="test_should_be_false (NO,false) (TRUE,true)" time="0.0"/>
  <testcase classname="flexUnitTests.testsuites.Tests.utils::TestCaseBooleanUtils" name="test_should_be_false (off,false) (TRUE,true)" time="0.001"/>
  <testcase classname="flexUnitTests.testsuites.Tests.utils::TestCaseBooleanUtils" name="test_should_be_false (OFF,false) (TRUE,true)" time="0.0"/>
  <testcase classname="flexUnitTests.testsuites.Tests.utils::TestCaseBooleanUtils" name="test_should_be_false (,false) (TRUE,true)" time="0.001"/>
  <testcase classname="flexUnitTests.testsuites.Tests.utils::TestCaseBooleanUtils" name="test_should_be_false (0,false) (TRUE,true)" time="0.0"/>
  <testcase classname="flexUnitTests.testsuites.Tests.utils::TestCaseBooleanUtils" name="test_should_be_false (-1,false) (TRUE,true)" time="0.001"/>
  <testcase classname="flexUnitTests.testsuites.Tests.utils::TestCaseBooleanUtils" name="test_should_be_false (22,false) (TRUE,true)" time="0.0"/>
  <testcase classname="flexUnitTests.testsuites.Tests.utils::TestCaseBooleanUtils" name="test_should_be_true (true,true) (TRUE,true)" time="0.001"/>
  <testcase classname="flexUnitTests.testsuites.Tests.utils::TestCaseBooleanUtils" name="test_should_be_true (true,true) (TRUE,true)" time="0.0"/>
  <testcase classname="flexUnitTests.testsuites.Tests.utils::TestCaseBooleanUtils" name="test_should_be_true (TRUE,true) (TRUE,true)" time="0.0"/>
  <testcase classname="flexUnitTests.testsuites.Tests.utils::TestCaseBooleanUtils" name="test_should_be_true (yes,true) (TRUE,true)" time="0.0"/>
  <testcase classname="flexUnitTests.testsuites.Tests.utils::TestCaseBooleanUtils" name="test_should_be_true (YES,true) (TRUE,true)" time="0.001"/>
  <testcase classname="flexUnitTests.testsuites.Tests.utils::TestCaseBooleanUtils" name="test_should_be_true (on,true) (TRUE,true)" time="0.0"/>
  <testcase classname="flexUnitTests.testsuites.Tests.utils::TestCaseBooleanUtils" name="test_should_be_true (ON,true) (TRUE,true)" time="0.0"/>
  <testcase classname="flexUnitTests.testsuites.Tests.utils::TestCaseBooleanUtils" name="test_should_be_true (1,true) (TRUE,true)" time="0.022"/>
  <testcase classname="flexUnitTests.testsuites.Tests.utils::TestCaseBooleanUtils" name="test_should_be_false (false,false) (yes,true)" time="0.0"/>
  <testcase classname="flexUnitTests.testsuites.Tests.utils::TestCaseBooleanUtils" name="test_should_be_false (false,false) (yes,true)" time="0.0"/>
  <testcase classname="flexUnitTests.testsuites.Tests.utils::TestCaseBooleanUtils" name="test_should_be_false (FALSE,false) (yes,true)" time="0.0"/>
  <testcase classname="flexUnitTests.testsuites.Tests.utils::TestCaseBooleanUtils" name="test_should_be_false (no,false) (yes,true)" time="0.0"/>
  <testcase classname="flexUnitTests.testsuites.Tests.utils::TestCaseBooleanUtils" name="test_should_be_false (NO,false) (yes,true)" time="0.0"/>
  <testcase classname="flexUnitTests.testsuites.Tests.utils::TestCaseBooleanUtils" name="test_should_be_false (off,false) (yes,true)" time="0.0"/>
  <testcase classname="flexUnitTests.testsuites.Tests.utils::TestCaseBooleanUtils" name="test_should_be_false (OFF,false) (yes,true)" time="0.0"/>
  <testcase classname="flexUnitTests.testsuites.Tests.utils::TestCaseBooleanUtils" name="test_should_be_false (,false) (yes,true)" time="0.0"/>
  <testcase classname="flexUnitTests.testsuites.Tests.utils::TestCaseBooleanUtils" name="test_should_be_false (0,false) (yes,true)" time="0.001"/>
  <testcase classname="flexUnitTests.testsuites.Tests.utils::TestCaseBooleanUtils" name="test_should_be_false (-1,false) (yes,true)" time="0.0"/>
  <testcase classname="flexUnitTests.testsuites.Tests.utils::TestCaseBooleanUtils" name="test_should_be_false (22,false) (yes,true)" time="0.0"/>
  <testcase classname="flexUnitTests.testsuites.Tests.utils::TestCaseBooleanUtils" name="test_should_be_true (true,true) (yes,true)" time="0.0"/>
  <testcase classname="flexUnitTests.testsuites.Tests.utils::TestCaseBooleanUtils" name="test_should_be_true (true,true) (yes,true)" time="0.0"/>
  <testcase classname="flexUnitTests.testsuites.Tests.utils::TestCaseBooleanUtils" name="test_should_be_true (TRUE,true) (yes,true)" time="0.001"/>
  <testcase classname="flexUnitTests.testsuites.Tests.utils::TestCaseBooleanUtils" name="test_should_be_true (yes,true) (yes,true)" time="0.0"/>
  <testcase classname="flexUnitTests.testsuites.Tests.utils::TestCaseBooleanUtils" name="test_should_be_true (YES,true) (yes,true)" time="0.001"/>
  <testcase classname="flexUnitTests.testsuites.Tests.utils::TestCaseBooleanUtils" name="test_should_be_true (on,true) (yes,true)" time="0.0"/>
  <testcase classname="flexUnitTests.testsuites.Tests.utils::TestCaseBooleanUtils" name="test_should_be_true (ON,true) (yes,true)" time="0.0"/>
  <testcase classname="flexUnitTests.testsuites.Tests.utils::TestCaseBooleanUtils" name="test_should_be_true (1,true) (yes,true)" time="0.001"/>
  <testcase classname="flexUnitTests.testsuites.Tests.utils::TestCaseBooleanUtils" name="test_should_be_false (false,false) (true,true)" time="0.001"/>
  <testcase classname="flexUnitTests.testsuites.Tests.utils::TestCaseBooleanUtils" name="test_should_be_false (false,false) (true,true)" time="0.0"/>
  <testcase classname="flexUnitTests.testsuites.Tests.utils::TestCaseBooleanUtils" name="test_should_be_false (FALSE,false) (true,true)" time="0.025"/>
  <testcase classname="flexUnitTests.testsuites.Tests.utils::TestCaseBooleanUtils" name="test_should_be_false (no,false) (true,true)" time="0.0"/>
  <testcase classname="flexUnitTests.testsuites.Tests.utils::TestCaseBooleanUtils" name="test_should_be_false (NO,false) (true,true)" time="0.0"/>
  <testcase classname="flexUnitTests.testsuites.Tests.utils::TestCaseBooleanUtils" name="test_should_be_false (off,false) (true,true)" time="0.0"/>
  <testcase classname="flexUnitTests.testsuites.Tests.utils::TestCaseBooleanUtils" name="test_should_be_false (OFF,false) (true,true)" time="0.001"/>
  <testcase classname="flexUnitTests.testsuites.Tests.utils::TestCaseBooleanUtils" name="test_should_be_false (,false) (true,true)" time="0.0"/>
  <testcase classname="flexUnitTests.testsuites.Tests.utils::TestCaseBooleanUtils" name="test_should_be_false (0,false) (true,true)" time="0.0"/>
  <testcase classname="flexUnitTests.testsuites.Tests.utils::TestCaseBooleanUtils" name="test_should_be_false (-1,false) (true,true)" time="0.0"/>
  <testcase classname="flexUnitTests.testsuites.Tests.utils::TestCaseBooleanUtils" name="test_should_be_false (22,false) (true,true)" time="0.001"/>
  <testcase classname="flexUnitTests.testsuites.Tests.utils::TestCaseBooleanUtils" name="test_should_be_true (true,true) (true,true)" time="0.0"/>
  <testcase classname="flexUnitTests.testsuites.Tests.utils::TestCaseBooleanUtils" name="test_should_be_true (true,true) (true,true)" time="0.001"/>
  <testcase classname="flexUnitTests.testsuites.Tests.utils::TestCaseBooleanUtils" name="test_should_be_true (TRUE,true) (true,true)" time="0.0"/>
  <testcase classname="flexUnitTests.testsuites.Tests.utils::TestCaseBooleanUtils" name="test_should_be_true (yes,true) (true,true)" time="0.0"/>
  <testcase classname="flexUnitTests.testsuites.Tests.utils::TestCaseBooleanUtils" name="test_should_be_true (YES,true) (true,true)" time="0.0"/>
  <testcase classname="flexUnitTests.testsuites.Tests.utils::TestCaseBooleanUtils" name="test_should_be_true (on,true) (true,true)" time="0.0"/>
  <testcase classname="flexUnitTests.testsuites.Tests.utils::TestCaseBooleanUtils" name="test_should_be_true (ON,true) (true,true)" time="0.0"/>
  <testcase classname="flexUnitTests.testsuites.Tests.utils::TestCaseBooleanUtils" name="test_should_be_true (1,true) (true,true)" time="0.0"/>
  <testcase classname="flexUnitTests.testsuites.Tests.utils::TestCaseBooleanUtils" name="test_should_be_false (false,false) (on,true)" time="0.0"/>
  <testcase classname="flexUnitTests.testsuites.Tests.utils::TestCaseBooleanUtils" name="test_should_be_false (false,false) (on,true)" time="0.022"/>
  <testcase classname="flexUnitTests.testsuites.Tests.utils::TestCaseBooleanUtils" name="test_should_be_false (FALSE,false) (on,true)" time="0.001"/>
  <testcase classname="flexUnitTests.testsuites.Tests.utils::TestCaseBooleanUtils" name="test_should_be_false (no,false) (on,true)" time="0.0"/>
  <testcase classname="flexUnitTests.testsuites.Tests.utils::TestCaseBooleanUtils" name="test_should_be_false (NO,false) (on,true)" time="0.001"/>
  <testcase classname="flexUnitTests.testsuites.Tests.utils::TestCaseBooleanUtils" name="test_should_be_false (off,false) (on,true)" time="0.0"/>
  <testcase classname="flexUnitTests.testsuites.Tests.utils::TestCaseBooleanUtils" name="test_should_be_false (OFF,false) (on,true)" time="0.001"/>
  <testcase classname="flexUnitTests.testsuites.Tests.utils::TestCaseBooleanUtils" name="test_should_be_false (,false) (on,true)" time="0.0"/>
  <testcase classname="flexUnitTests.testsuites.Tests.utils::TestCaseBooleanUtils" name="test_should_be_false (0,false) (on,true)" time="0.0"/>
  <testcase classname="flexUnitTests.testsuites.Tests.utils::TestCaseBooleanUtils" name="test_should_be_false (-1,false) (on,true)" time="0.0"/>
  <testcase classname="flexUnitTests.testsuites.Tests.utils::TestCaseBooleanUtils" name="test_should_be_false (22,false) (on,true)" time="0.0"/>
  <testcase classname="flexUnitTests.testsuites.Tests.utils::TestCaseBooleanUtils" name="test_should_be_true (true,true) (on,true)" time="0.0"/>
  <testcase classname="flexUnitTests.testsuites.Tests.utils::TestCaseBooleanUtils" name="test_should_be_true (true,true) (on,true)" time="0.0"/>
  <testcase classname="flexUnitTests.testsuites.Tests.utils::TestCaseBooleanUtils" name="test_should_be_true (TRUE,true) (on,true)" time="0.001"/>
  <testcase classname="flexUnitTests.testsuites.Tests.utils::TestCaseBooleanUtils" name="test_should_be_true (yes,true) (on,true)" time="0.001"/>
  <testcase classname="flexUnitTests.testsuites.Tests.utils::TestCaseBooleanUtils" name="test_should_be_true (YES,true) (on,true)" time="0.001"/>
  <testcase classname="flexUnitTests.testsuites.Tests.utils::TestCaseBooleanUtils" name="test_should_be_true (on,true) (on,true)" time="0.0"/>
  <testcase classname="flexUnitTests.testsuites.Tests.utils::TestCaseBooleanUtils" name="test_should_be_true (ON,true) (on,true)" time="0.0"/>
  <testcase classname="flexUnitTests.testsuites.Tests.utils::TestCaseBooleanUtils" name="test_should_be_true (1,true) (on,true)" time="0.0"/>
  <testcase classname="flexUnitTests.testsuites.Tests.utils::TestCaseBooleanUtils" name="test_should_be_false (false,false) (ON,true)" time="0.027"/>
  <testcase classname="flexUnitTests.testsuites.Tests.utils::TestCaseBooleanUtils" name="test_should_be_false (false,false) (ON,true)" time="0.0"/>
  <testcase classname="flexUnitTests.testsuites.Tests.utils::TestCaseBooleanUtils" name="test_should_be_false (FALSE,false) (ON,true)" time="0.0"/>
  <testcase classname="flexUnitTests.testsuites.Tests.utils::TestCaseBooleanUtils" name="test_should_be_false (no,false) (ON,true)" time="0.0"/>
  <testcase classname="flexUnitTests.testsuites.Tests.utils::TestCaseBooleanUtils" name="test_should_be_false (NO,false) (ON,true)" time="0.0"/>
  <testcase classname="flexUnitTests.testsuites.Tests.utils::TestCaseBooleanUtils" name="test_should_be_false (off,false) (ON,true)" time="0.0"/>
  <testcase classname="flexUnitTests.testsuites.Tests.utils::TestCaseBooleanUtils" name="test_should_be_false (OFF,false) (ON,true)" time="0.0"/>
  <testcase classname="flexUnitTests.testsuites.Tests.utils::TestCaseBooleanUtils" name="test_should_be_false (,false) (ON,true)" time="0.001"/>
  <testcase classname="flexUnitTests.testsuites.Tests.utils::TestCaseBooleanUtils" name="test_should_be_false (0,false) (ON,true)" time="0.034"/>
  <testcase classname="flexUnitTests.testsuites.Tests.utils::TestCaseBooleanUtils" name="test_should_be_false (-1,false) (ON,true)" time="0.001"/>
  <testcase classname="flexUnitTests.testsuites.Tests.utils::TestCaseBooleanUtils" name="test_should_be_false (22,false) (ON,true)" time="0.001"/>
  <testcase classname="flexUnitTests.testsuites.Tests.utils::TestCaseBooleanUtils" name="test_should_be_true (true,true) (ON,true)" time="0.0"/>
  <testcase classname="flexUnitTests.testsuites.Tests.utils::TestCaseBooleanUtils" name="test_should_be_true (true,true) (ON,true)" time="0.001"/>
  <testcase classname="flexUnitTests.testsuites.Tests.utils::TestCaseBooleanUtils" name="test_should_be_true (TRUE,true) (ON,true)" time="0.001"/>
  <testcase classname="flexUnitTests.testsuites.Tests.utils::TestCaseBooleanUtils" name="test_should_be_true (yes,true) (ON,true)" time="0.0"/>
  <testcase classname="flexUnitTests.testsuites.Tests.utils::TestCaseBooleanUtils" name="test_should_be_true (YES,true) (ON,true)" time="0.042"/>
  <testcase classname="flexUnitTests.testsuites.Tests.utils::TestCaseBooleanUtils" name="test_should_be_true (on,true) (ON,true)" time="0.035"/>
  <testcase classname="flexUnitTests.testsuites.Tests.utils::TestCaseBooleanUtils" name="test_should_be_true (ON,true) (ON,true)" time="0.024"/>
  <testcase classname="flexUnitTests.testsuites.Tests.utils::TestCaseBooleanUtils" name="test_should_be_true (1,true) (ON,true)" time="0.001"/>
  <testcase classname="flexUnitTests.testsuites.Tests.utils::TestCaseBooleanUtils" name="test_should_be_false (false,false) (1,true)" time="0.001"/>
  <testcase classname="flexUnitTests.testsuites.Tests.utils::TestCaseBooleanUtils" name="test_should_be_false (false,false) (1,true)" time="0.0"/>
  <testcase classname="flexUnitTests.testsuites.Tests.utils::TestCaseBooleanUtils" name="test_should_be_false (FALSE,false) (1,true)" time="0.0"/>
  <testcase classname="flexUnitTests.testsuites.Tests.utils::TestCaseBooleanUtils" name="test_should_be_false (no,false) (1,true)" time="0.0"/>
  <testcase classname="flexUnitTests.testsuites.Tests.utils::TestCaseBooleanUtils" name="test_should_be_false (NO,false) (1,true)" time="0.0"/>
  <testcase classname="flexUnitTests.testsuites.Tests.utils::TestCaseBooleanUtils" name="test_should_be_false (off,false) (1,true)" time="0.0"/>
  <testcase classname="flexUnitTests.testsuites.Tests.utils::TestCaseBooleanUtils" name="test_should_be_false (OFF,false) (1,true)" time="0.0"/>
  <testcase classname="flexUnitTests.testsuites.Tests.utils::TestCaseBooleanUtils" name="test_should_be_false (,false) (1,true)" time="0.0"/>
  <testcase classname="flexUnitTests.testsuites.Tests.utils::TestCaseBooleanUtils" name="test_should_be_false (0,false) (1,true)" time="0.001"/>
  <testcase classname="flexUnitTests.testsuites.Tests.utils::TestCaseBooleanUtils" name="test_should_be_false (-1,false) (1,true)" time="0.0"/>
  <testcase classname="flexUnitTests.testsuites.Tests.utils::TestCaseBooleanUtils" name="test_should_be_false (22,false) (1,true)" time="0.0"/>
  <testcase classname="flexUnitTests.testsuites.Tests.utils::TestCaseBooleanUtils" name="test_should_be_true (true,true) (1,true)" time="0.029"/>
  <testcase classname="flexUnitTests.testsuites.Tests.utils::TestCaseBooleanUtils" name="test_should_be_true (true,true) (1,true)" time="0.001"/>
  <testcase classname="flexUnitTests.testsuites.Tests.utils::TestCaseBooleanUtils" name="test_should_be_true (TRUE,true) (1,true)" time="0.0"/>
  <testcase classname="flexUnitTests.testsuites.Tests.utils::TestCaseBooleanUtils" name="test_should_be_true (yes,true) (1,true)" time="0.0"/>
  <testcase classname="flexUnitTests.testsuites.Tests.utils::TestCaseBooleanUtils" name="test_should_be_true (YES,true) (1,true)" time="0.0"/>
  <testcase classname="flexUnitTests.testsuites.Tests.utils::TestCaseBooleanUtils" name="test_should_be_true (on,true) (1,true)" time="0.0"/>
  <testcase classname="flexUnitTests.testsuites.Tests.utils::TestCaseBooleanUtils" name="test_should_be_true (ON,true) (1,true)" time="0.0"/>
  <testcase classname="flexUnitTests.testsuites.Tests.utils::TestCaseBooleanUtils" name="test_should_be_true (1,true) (1,true)" time="0.0"/>
</testsuite>
